2020-01-19-16:38 [http-nio-8990-exec-1] INFO  org.apache.tomcat.util.http.parser.Cookie- A cookie header was received [1574675299,1575874585,1576662900; JSESSIONID=88d560cc-24bf-4b8c-b4ab-749116a1cd15] that contained an invalid cookie. That cookie will be ignored.
 Note: further occurrences of this error will be logged at DEBUG level.
2020-01-19-16:38 [http-nio-8990-exec-1] INFO  org.apache.catalina.core.ContainerBase.[Tomcat].[localhost].[/]- Initializing Spring DispatcherServlet 'dispatcherServlet'
2020-01-19-16:38 [http-nio-8990-exec-1] INFO  org.springframework.web.servlet.DispatcherServlet- Initializing Servlet 'dispatcherServlet'
2020-01-19-16:38 [http-nio-8990-exec-1] INFO  org.springframework.web.servlet.DispatcherServlet- Completed initialization in 22 ms
2020-01-19-16:38 [http-nio-8990-exec-1] INFO  org.apache.shiro.session.mgt.AbstractValidatingSessionManager- Enabling session validation scheduler...
2020-01-19-16:38 [http-nio-8990-exec-3] WARN  org.springframework.web.servlet.mvc.support.DefaultHandlerExceptionResolver- Resolved [org.springframework.web.bind.MissingServletRequestParameterException: Required String parameter 'username' is not present]
2020-01-19-16:38 [Thread-42] INFO  org.springframework.scheduling.concurrent.ThreadPoolTaskScheduler- Shutting down ExecutorService 'taskScheduler'
2020-01-19-16:38 [Thread-42] INFO  org.springframework.scheduling.concurrent.ThreadPoolTaskExecutor- Shutting down ExecutorService 'applicationTaskExecutor'
2020-01-19-16:38 [Thread-42] INFO  org.apache.shiro.session.mgt.AbstractValidatingSessionManager- Disabled session validation scheduler.
2020-01-19-16:38 [main] INFO  org.springframework.data.repository.config.RepositoryConfigurationDelegate- Multiple Spring Data modules found, entering strict repository configuration mode!
2020-01-19-16:38 [main] INFO  org.springframework.data.repository.config.RepositoryConfigurationDelegate- Bootstrapping Spring Data repositories in DEFAULT mode.
2020-01-19-16:38 [main] INFO  org.springframework.data.repository.config.RepositoryConfigurationDelegate- Finished Spring Data repository scanning in 172ms. Found 1 repository interfaces.
2020-01-19-16:38 [main] INFO  org.springframework.data.repository.config.RepositoryConfigurationDelegate- Multiple Spring Data modules found, entering strict repository configuration mode!
2020-01-19-16:38 [main] INFO  org.springframework.data.repository.config.RepositoryConfigurationDelegate- Bootstrapping Spring Data repositories in DEFAULT mode.
2020-01-19-16:38 [main] INFO  org.springframework.data.repository.config.RepositoryConfigurationExtensionSupport- Spring Data Redis - Could not safely identify store assignment for repository candidate interface springboottest.middleware.es.service.BookRepository.
2020-01-19-16:38 [main] INFO  org.springframework.data.repository.config.RepositoryConfigurationDelegate- Finished Spring Data repository scanning in 69ms. Found 0 repository interfaces.
2020-01-19-16:38 [main] INFO  org.springframework.context.support.PostProcessorRegistrationDelegate$BeanPostProcessorChecker- Bean 'shiroConfig' of type [springboottest.middleware.shiro.ShiroConfig$$EnhancerBySpringCGLIB$$bb6079a2] is not eligible for getting processed by all BeanPostProcessors (for example: not eligible for auto-proxying)
2020-01-19-16:38 [main] INFO  org.springframework.context.support.PostProcessorRegistrationDelegate$BeanPostProcessorChecker- Bean 'mybatis-org.mybatis.spring.boot.autoconfigure.MybatisProperties' of type [org.mybatis.spring.boot.autoconfigure.MybatisProperties] is not eligible for getting processed by all BeanPostProcessors (for example: not eligible for auto-proxying)
2020-01-19-16:38 [main] INFO  org.springframework.context.support.PostProcessorRegistrationDelegate$BeanPostProcessorChecker- Bean 'org.mybatis.spring.boot.autoconfigure.MybatisAutoConfiguration' of type [org.mybatis.spring.boot.autoconfigure.MybatisAutoConfiguration$$EnhancerBySpringCGLIB$$8aa287b6] is not eligible for getting processed by all BeanPostProcessors (for example: not eligible for auto-proxying)
2020-01-19-16:38 [main] INFO  org.springframework.context.support.PostProcessorRegistrationDelegate$BeanPostProcessorChecker- Bean 'org.springframework.boot.autoconfigure.jdbc.DataSourceConfiguration$Hikari' of type [org.springframework.boot.autoconfigure.jdbc.DataSourceConfiguration$Hikari] is not eligible for getting processed by all BeanPostProcessors (for example: not eligible for auto-proxying)
2020-01-19-16:38 [main] INFO  org.springframework.context.support.PostProcessorRegistrationDelegate$BeanPostProcessorChecker- Bean 'spring.datasource-org.springframework.boot.autoconfigure.jdbc.DataSourceProperties' of type [org.springframework.boot.autoconfigure.jdbc.DataSourceProperties] is not eligible for getting processed by all BeanPostProcessors (for example: not eligible for auto-proxying)
2020-01-19-16:38 [main] INFO  org.springframework.context.support.PostProcessorRegistrationDelegate$BeanPostProcessorChecker- Bean 'dataSource' of type [com.zaxxer.hikari.HikariDataSource] is not eligible for getting processed by all BeanPostProcessors (for example: not eligible for auto-proxying)
2020-01-19-16:38 [main] INFO  org.springframework.context.support.PostProcessorRegistrationDelegate$BeanPostProcessorChecker- Bean 'sqlSessionFactory' of type [org.apache.ibatis.session.defaults.DefaultSqlSessionFactory] is not eligible for getting processed by all BeanPostProcessors (for example: not eligible for auto-proxying)
2020-01-19-16:38 [main] INFO  org.springframework.context.support.PostProcessorRegistrationDelegate$BeanPostProcessorChecker- Bean 'sqlSessionTemplate' of type [org.mybatis.spring.SqlSessionTemplate] is not eligible for getting processed by all BeanPostProcessors (for example: not eligible for auto-proxying)
2020-01-19-16:38 [main] INFO  org.springframework.context.support.PostProcessorRegistrationDelegate$BeanPostProcessorChecker- Bean 'PUserMapper' of type [org.mybatis.spring.mapper.MapperFactoryBean] is not eligible for getting processed by all BeanPostProcessors (for example: not eligible for auto-proxying)
2020-01-19-16:38 [main] INFO  org.springframework.context.support.PostProcessorRegistrationDelegate$BeanPostProcessorChecker- Bean 'PUserMapper' of type [com.sun.proxy.$Proxy79] is not eligible for getting processed by all BeanPostProcessors (for example: not eligible for auto-proxying)
2020-01-19-16:38 [main] INFO  org.springframework.context.support.PostProcessorRegistrationDelegate$BeanPostProcessorChecker- Bean 'PUserServiceImpl' of type [springboottest.service.impl.PUserServiceImpl] is not eligible for getting processed by all BeanPostProcessors (for example: not eligible for auto-proxying)
2020-01-19-16:38 [main] INFO  org.springframework.context.support.PostProcessorRegistrationDelegate$BeanPostProcessorChecker- Bean 'realm' of type [springboottest.middleware.shiro.CustomRealm] is not eligible for getting processed by all BeanPostProcessors (for example: not eligible for auto-proxying)
2020-01-19-16:38 [main] INFO  org.springframework.context.support.PostProcessorRegistrationDelegate$BeanPostProcessorChecker- Bean 'redisSessionDAO' of type [org.crazycake.shiro.RedisSessionDAO] is not eligible for getting processed by all BeanPostProcessors (for example: not eligible for auto-proxying)
2020-01-19-16:38 [main] INFO  org.springframework.context.support.PostProcessorRegistrationDelegate$BeanPostProcessorChecker- Bean 'sessionManager' of type [org.apache.shiro.web.session.mgt.DefaultWebSessionManager] is not eligible for getting processed by all BeanPostProcessors (for example: not eligible for auto-proxying)
2020-01-19-16:38 [main] INFO  org.springframework.context.support.PostProcessorRegistrationDelegate$BeanPostProcessorChecker- Bean 'securityManager' of type [org.apache.shiro.web.mgt.DefaultWebSecurityManager] is not eligible for getting processed by all BeanPostProcessors (for example: not eligible for auto-proxying)
2020-01-19-16:38 [main] INFO  org.springframework.context.support.PostProcessorRegistrationDelegate$BeanPostProcessorChecker- Bean 'authorizationAttributeSourceAdvisor' of type [org.apache.shiro.spring.security.interceptor.AuthorizationAttributeSourceAdvisor] is not eligible for getting processed by all BeanPostProcessors (for example: not eligible for auto-proxying)
2020-01-19-16:38 [main] INFO  org.springframework.context.support.PostProcessorRegistrationDelegate$BeanPostProcessorChecker- Bean 'org.springframework.transaction.annotation.ProxyTransactionManagementConfiguration' of type [org.springframework.transaction.annotation.ProxyTransactionManagementConfiguration$$EnhancerBySpringCGLIB$$57ce3686] is not eligible for getting processed by all BeanPostProcessors (for example: not eligible for auto-proxying)
2020-01-19-16:38 [main] INFO  org.springframework.context.support.PostProcessorRegistrationDelegate$BeanPostProcessorChecker- Bean 'redisConfiguration' of type [springboottest.config.RedisConfiguration$$EnhancerBySpringCGLIB$$734a6695] is not eligible for getting processed by all BeanPostProcessors (for example: not eligible for auto-proxying)
2020-01-19-16:38 [main] INFO  org.springframework.boot.web.embedded.tomcat.TomcatWebServer- Tomcat initialized with port(s): 8990 (http)
2020-01-19-16:38 [main] INFO  org.apache.catalina.core.StandardService- Starting service [Tomcat]
2020-01-19-16:38 [main] INFO  org.apache.catalina.core.StandardEngine- Starting Servlet engine: [Apache Tomcat/9.0.16]
2020-01-19-16:38 [main] INFO  org.apache.catalina.core.AprLifecycleListener- The APR based Apache Tomcat Native library which allows optimal performance in production environments was not found on the java.library.path: [C:\javasoft\jdk\bin;C:\WINDOWS\Sun\Java\bin;C:\WINDOWS\system32;C:\WINDOWS;C:\javasoft\xftp\;C:\javasoft\python\Scripts\;C:\javasoft\python\;C:\javasoft\maven\apache-maven-3.5.4\bin;C:\javasoft\jdk\bin;C:\javasoft\jdk\jre\bin;C:\javasoft\xshell\;C:\WINDOWS\system32;C:\WINDOWS;C:\WINDOWS\System32\Wbem;C:\WINDOWS\System32\WindowsPowerShell\v1.0\;C:\WINDOWS\System32\OpenSSH\;D:\soft\23-python;C:\Program Files\MySQL\MySQL Server 5.5\bin;D:\worksoft\mysql\bin;C:\Program Files\OpenVPN\bin;C:\Program Files (x86)\HP\IdrsOCR_15.2.10.1114\;C:\javasoft\nodejs\;C:\javasoft\git\Git\cmd;C:\javasoft\python\Scripts;C:\Users\hx\AppData\Local\Microsoft\WindowsApps;E:\mongoDB\bin;C:\Users\hx\AppData\Local\BypassRuntm;C:\Users\hx\AppData\Roaming\npm;%USERPROFILE%\AppData\Local\Microsoft\WindowsApps;;.]
2020-01-19-16:38 [main] INFO  org.apache.catalina.core.ContainerBase.[Tomcat].[localhost].[/]- Initializing Spring embedded WebApplicationContext
2020-01-19-16:38 [main] INFO  org.springframework.web.context.ContextLoader- Root WebApplicationContext: initialization completed in 4399 ms
2020-01-19-16:38 [main] INFO  io.lettuce.core.EpollProvider- Starting without optional epoll library
2020-01-19-16:38 [main] INFO  io.lettuce.core.KqueueProvider- Starting without optional kqueue library
2020-01-19-16:38 [main] INFO  org.elasticsearch.plugins.PluginsService- no modules loaded
2020-01-19-16:38 [main] INFO  org.elasticsearch.plugins.PluginsService- loaded plugin [org.elasticsearch.index.reindex.ReindexPlugin]
2020-01-19-16:38 [main] INFO  org.elasticsearch.plugins.PluginsService- loaded plugin [org.elasticsearch.join.ParentJoinPlugin]
2020-01-19-16:38 [main] INFO  org.elasticsearch.plugins.PluginsService- loaded plugin [org.elasticsearch.percolator.PercolatorPlugin]
2020-01-19-16:38 [main] INFO  org.elasticsearch.plugins.PluginsService- loaded plugin [org.elasticsearch.script.mustache.MustachePlugin]
2020-01-19-16:38 [main] INFO  org.elasticsearch.plugins.PluginsService- loaded plugin [org.elasticsearch.transport.Netty4Plugin]
2020-01-19-16:38 [main] INFO  org.springframework.data.elasticsearch.client.TransportClientFactoryBean- Adding transport node : 127.0.0.1:9300
2020-01-19-16:39 [main] INFO  org.springframework.scheduling.concurrent.ThreadPoolTaskExecutor- Initializing ExecutorService 'applicationTaskExecutor'
2020-01-19-16:39 [main] INFO  org.springframework.scheduling.concurrent.ThreadPoolTaskScheduler- Initializing ExecutorService 'taskScheduler'
2020-01-19-16:39 [main] INFO  org.springframework.boot.web.embedded.tomcat.TomcatWebServer- Tomcat started on port(s): 8990 (http) with context path ''
2020-01-19-16:39 [http-nio-8990-exec-1] INFO  org.apache.tomcat.util.http.parser.Cookie- A cookie header was received [1574675299,1575874585,1576662900; JSESSIONID=34e8bb1a-1a87-417a-bd09-a452c21322be] that contained an invalid cookie. That cookie will be ignored.
 Note: further occurrences of this error will be logged at DEBUG level.
2020-01-19-16:39 [http-nio-8990-exec-1] INFO  org.apache.catalina.core.ContainerBase.[Tomcat].[localhost].[/]- Initializing Spring DispatcherServlet 'dispatcherServlet'
2020-01-19-16:39 [http-nio-8990-exec-1] INFO  org.springframework.web.servlet.DispatcherServlet- Initializing Servlet 'dispatcherServlet'
2020-01-19-16:39 [http-nio-8990-exec-1] INFO  org.springframework.web.servlet.DispatcherServlet- Completed initialization in 20 ms
2020-01-19-16:39 [http-nio-8990-exec-1] INFO  org.apache.shiro.session.mgt.AbstractValidatingSessionManager- Enabling session validation scheduler...
2020-01-19-16:39 [http-nio-8990-exec-3] WARN  org.springframework.web.servlet.mvc.support.DefaultHandlerExceptionResolver- Resolved [org.springframework.web.bind.MissingServletRequestParameterException: Required String parameter 'username' is not present]
2020-01-19-16:56 [Thread-32] INFO  org.springframework.scheduling.concurrent.ThreadPoolTaskScheduler- Shutting down ExecutorService 'taskScheduler'
2020-01-19-16:56 [Thread-32] INFO  org.springframework.scheduling.concurrent.ThreadPoolTaskExecutor- Shutting down ExecutorService 'applicationTaskExecutor'
2020-01-19-16:56 [Thread-32] INFO  org.apache.shiro.session.mgt.AbstractValidatingSessionManager- Disabled session validation scheduler.
2020-01-19-16:56 [main] INFO  org.springframework.data.repository.config.RepositoryConfigurationDelegate- Multiple Spring Data modules found, entering strict repository configuration mode!
2020-01-19-16:56 [main] INFO  org.springframework.data.repository.config.RepositoryConfigurationDelegate- Bootstrapping Spring Data repositories in DEFAULT mode.
2020-01-19-16:56 [main] INFO  org.springframework.data.repository.config.RepositoryConfigurationDelegate- Finished Spring Data repository scanning in 175ms. Found 1 repository interfaces.
2020-01-19-16:56 [main] INFO  org.springframework.data.repository.config.RepositoryConfigurationDelegate- Multiple Spring Data modules found, entering strict repository configuration mode!
2020-01-19-16:56 [main] INFO  org.springframework.data.repository.config.RepositoryConfigurationDelegate- Bootstrapping Spring Data repositories in DEFAULT mode.
2020-01-19-16:56 [main] INFO  org.springframework.data.repository.config.RepositoryConfigurationExtensionSupport- Spring Data Redis - Could not safely identify store assignment for repository candidate interface springboottest.middleware.es.service.BookRepository.
2020-01-19-16:56 [main] INFO  org.springframework.data.repository.config.RepositoryConfigurationDelegate- Finished Spring Data repository scanning in 64ms. Found 0 repository interfaces.
2020-01-19-16:56 [main] INFO  org.springframework.context.support.PostProcessorRegistrationDelegate$BeanPostProcessorChecker- Bean 'shiroConfig' of type [springboottest.middleware.shiro.ShiroConfig$$EnhancerBySpringCGLIB$$196807fd] is not eligible for getting processed by all BeanPostProcessors (for example: not eligible for auto-proxying)
2020-01-19-16:56 [main] INFO  org.springframework.context.support.PostProcessorRegistrationDelegate$BeanPostProcessorChecker- Bean 'mybatis-org.mybatis.spring.boot.autoconfigure.MybatisProperties' of type [org.mybatis.spring.boot.autoconfigure.MybatisProperties] is not eligible for getting processed by all BeanPostProcessors (for example: not eligible for auto-proxying)
2020-01-19-16:56 [main] INFO  org.springframework.context.support.PostProcessorRegistrationDelegate$BeanPostProcessorChecker- Bean 'org.mybatis.spring.boot.autoconfigure.MybatisAutoConfiguration' of type [org.mybatis.spring.boot.autoconfigure.MybatisAutoConfiguration$$EnhancerBySpringCGLIB$$e8aa1611] is not eligible for getting processed by all BeanPostProcessors (for example: not eligible for auto-proxying)
2020-01-19-16:56 [main] INFO  org.springframework.context.support.PostProcessorRegistrationDelegate$BeanPostProcessorChecker- Bean 'org.springframework.boot.autoconfigure.jdbc.DataSourceConfiguration$Hikari' of type [org.springframework.boot.autoconfigure.jdbc.DataSourceConfiguration$Hikari] is not eligible for getting processed by all BeanPostProcessors (for example: not eligible for auto-proxying)
2020-01-19-16:56 [main] INFO  org.springframework.context.support.PostProcessorRegistrationDelegate$BeanPostProcessorChecker- Bean 'spring.datasource-org.springframework.boot.autoconfigure.jdbc.DataSourceProperties' of type [org.springframework.boot.autoconfigure.jdbc.DataSourceProperties] is not eligible for getting processed by all BeanPostProcessors (for example: not eligible for auto-proxying)
2020-01-19-16:56 [main] INFO  org.springframework.context.support.PostProcessorRegistrationDelegate$BeanPostProcessorChecker- Bean 'dataSource' of type [com.zaxxer.hikari.HikariDataSource] is not eligible for getting processed by all BeanPostProcessors (for example: not eligible for auto-proxying)
2020-01-19-16:56 [main] INFO  org.springframework.context.support.PostProcessorRegistrationDelegate$BeanPostProcessorChecker- Bean 'sqlSessionFactory' of type [org.apache.ibatis.session.defaults.DefaultSqlSessionFactory] is not eligible for getting processed by all BeanPostProcessors (for example: not eligible for auto-proxying)
2020-01-19-16:56 [main] INFO  org.springframework.context.support.PostProcessorRegistrationDelegate$BeanPostProcessorChecker- Bean 'sqlSessionTemplate' of type [org.mybatis.spring.SqlSessionTemplate] is not eligible for getting processed by all BeanPostProcessors (for example: not eligible for auto-proxying)
2020-01-19-16:56 [main] INFO  org.springframework.context.support.PostProcessorRegistrationDelegate$BeanPostProcessorChecker- Bean 'PUserMapper' of type [org.mybatis.spring.mapper.MapperFactoryBean] is not eligible for getting processed by all BeanPostProcessors (for example: not eligible for auto-proxying)
2020-01-19-16:56 [main] INFO  org.springframework.context.support.PostProcessorRegistrationDelegate$BeanPostProcessorChecker- Bean 'PUserMapper' of type [com.sun.proxy.$Proxy79] is not eligible for getting processed by all BeanPostProcessors (for example: not eligible for auto-proxying)
2020-01-19-16:56 [main] INFO  org.springframework.context.support.PostProcessorRegistrationDelegate$BeanPostProcessorChecker- Bean 'PUserServiceImpl' of type [springboottest.service.impl.PUserServiceImpl] is not eligible for getting processed by all BeanPostProcessors (for example: not eligible for auto-proxying)
2020-01-19-16:56 [main] INFO  org.springframework.context.support.PostProcessorRegistrationDelegate$BeanPostProcessorChecker- Bean 'realm' of type [springboottest.middleware.shiro.CustomRealm] is not eligible for getting processed by all BeanPostProcessors (for example: not eligible for auto-proxying)
2020-01-19-16:56 [main] INFO  org.springframework.context.support.PostProcessorRegistrationDelegate$BeanPostProcessorChecker- Bean 'redisSessionDAO' of type [org.crazycake.shiro.RedisSessionDAO] is not eligible for getting processed by all BeanPostProcessors (for example: not eligible for auto-proxying)
2020-01-19-16:56 [main] INFO  org.springframework.context.support.PostProcessorRegistrationDelegate$BeanPostProcessorChecker- Bean 'sessionManager' of type [org.apache.shiro.web.session.mgt.DefaultWebSessionManager] is not eligible for getting processed by all BeanPostProcessors (for example: not eligible for auto-proxying)
2020-01-19-16:56 [main] INFO  org.springframework.context.support.PostProcessorRegistrationDelegate$BeanPostProcessorChecker- Bean 'securityManager' of type [org.apache.shiro.web.mgt.DefaultWebSecurityManager] is not eligible for getting processed by all BeanPostProcessors (for example: not eligible for auto-proxying)
2020-01-19-16:56 [main] INFO  org.springframework.context.support.PostProcessorRegistrationDelegate$BeanPostProcessorChecker- Bean 'authorizationAttributeSourceAdvisor' of type [org.apache.shiro.spring.security.interceptor.AuthorizationAttributeSourceAdvisor] is not eligible for getting processed by all BeanPostProcessors (for example: not eligible for auto-proxying)
2020-01-19-16:56 [main] INFO  org.springframework.context.support.PostProcessorRegistrationDelegate$BeanPostProcessorChecker- Bean 'org.springframework.transaction.annotation.ProxyTransactionManagementConfiguration' of type [org.springframework.transaction.annotation.ProxyTransactionManagementConfiguration$$EnhancerBySpringCGLIB$$b5d5c4e1] is not eligible for getting processed by all BeanPostProcessors (for example: not eligible for auto-proxying)
2020-01-19-16:56 [main] INFO  org.springframework.context.support.PostProcessorRegistrationDelegate$BeanPostProcessorChecker- Bean 'redisConfiguration' of type [springboottest.config.RedisConfiguration$$EnhancerBySpringCGLIB$$d151f4f0] is not eligible for getting processed by all BeanPostProcessors (for example: not eligible for auto-proxying)
2020-01-19-16:56 [main] INFO  org.springframework.boot.web.embedded.tomcat.TomcatWebServer- Tomcat initialized with port(s): 8990 (http)
2020-01-19-16:56 [main] INFO  org.apache.catalina.core.StandardService- Starting service [Tomcat]
2020-01-19-16:56 [main] INFO  org.apache.catalina.core.StandardEngine- Starting Servlet engine: [Apache Tomcat/9.0.16]
2020-01-19-16:56 [main] INFO  org.apache.catalina.core.AprLifecycleListener- The APR based Apache Tomcat Native library which allows optimal performance in production environments was not found on the java.library.path: [C:\javasoft\jdk\bin;C:\WINDOWS\Sun\Java\bin;C:\WINDOWS\system32;C:\WINDOWS;C:\javasoft\xftp\;C:\javasoft\python\Scripts\;C:\javasoft\python\;C:\javasoft\maven\apache-maven-3.5.4\bin;C:\javasoft\jdk\bin;C:\javasoft\jdk\jre\bin;C:\javasoft\xshell\;C:\WINDOWS\system32;C:\WINDOWS;C:\WINDOWS\System32\Wbem;C:\WINDOWS\System32\WindowsPowerShell\v1.0\;C:\WINDOWS\System32\OpenSSH\;D:\soft\23-python;C:\Program Files\MySQL\MySQL Server 5.5\bin;D:\worksoft\mysql\bin;C:\Program Files\OpenVPN\bin;C:\Program Files (x86)\HP\IdrsOCR_15.2.10.1114\;C:\javasoft\nodejs\;C:\javasoft\git\Git\cmd;C:\javasoft\python\Scripts;C:\Users\hx\AppData\Local\Microsoft\WindowsApps;E:\mongoDB\bin;C:\Users\hx\AppData\Local\BypassRuntm;C:\Users\hx\AppData\Roaming\npm;%USERPROFILE%\AppData\Local\Microsoft\WindowsApps;;.]
2020-01-19-16:56 [main] INFO  org.apache.catalina.core.ContainerBase.[Tomcat].[localhost].[/]- Initializing Spring embedded WebApplicationContext
2020-01-19-16:56 [main] INFO  org.springframework.web.context.ContextLoader- Root WebApplicationContext: initialization completed in 4490 ms
2020-01-19-16:56 [main] INFO  io.lettuce.core.EpollProvider- Starting without optional epoll library
2020-01-19-16:56 [main] INFO  io.lettuce.core.KqueueProvider- Starting without optional kqueue library
2020-01-19-16:56 [main] INFO  org.elasticsearch.plugins.PluginsService- no modules loaded
2020-01-19-16:56 [main] INFO  org.elasticsearch.plugins.PluginsService- loaded plugin [org.elasticsearch.index.reindex.ReindexPlugin]
2020-01-19-16:56 [main] INFO  org.elasticsearch.plugins.PluginsService- loaded plugin [org.elasticsearch.join.ParentJoinPlugin]
2020-01-19-16:56 [main] INFO  org.elasticsearch.plugins.PluginsService- loaded plugin [org.elasticsearch.percolator.PercolatorPlugin]
2020-01-19-16:56 [main] INFO  org.elasticsearch.plugins.PluginsService- loaded plugin [org.elasticsearch.script.mustache.MustachePlugin]
2020-01-19-16:56 [main] INFO  org.elasticsearch.plugins.PluginsService- loaded plugin [org.elasticsearch.transport.Netty4Plugin]
2020-01-19-16:56 [main] INFO  org.springframework.data.elasticsearch.client.TransportClientFactoryBean- Adding transport node : 127.0.0.1:9300
2020-01-19-16:56 [main] INFO  org.springframework.scheduling.concurrent.ThreadPoolTaskExecutor- Initializing ExecutorService 'applicationTaskExecutor'
2020-01-19-16:56 [main] INFO  org.springframework.scheduling.concurrent.ThreadPoolTaskScheduler- Initializing ExecutorService 'taskScheduler'
2020-01-19-16:56 [main] INFO  org.springframework.boot.web.embedded.tomcat.TomcatWebServer- Tomcat started on port(s): 8990 (http) with context path ''
2020-01-19-16:57 [http-nio-8990-exec-1] INFO  org.apache.tomcat.util.http.parser.Cookie- A cookie header was received [1574675299,1575874585,1576662900; JSESSIONID=34e8bb1a-1a87-417a-bd09-a452c21322be] that contained an invalid cookie. That cookie will be ignored.
 Note: further occurrences of this error will be logged at DEBUG level.
2020-01-19-16:57 [http-nio-8990-exec-1] INFO  org.apache.catalina.core.ContainerBase.[Tomcat].[localhost].[/]- Initializing Spring DispatcherServlet 'dispatcherServlet'
2020-01-19-16:57 [http-nio-8990-exec-1] INFO  org.springframework.web.servlet.DispatcherServlet- Initializing Servlet 'dispatcherServlet'
2020-01-19-16:57 [http-nio-8990-exec-1] INFO  org.springframework.web.servlet.DispatcherServlet- Completed initialization in 23 ms
2020-01-19-16:57 [http-nio-8990-exec-1] INFO  org.apache.shiro.session.mgt.AbstractValidatingSessionManager- Enabling session validation scheduler...
2020-01-19-16:57 [http-nio-8990-exec-2] WARN  org.springframework.web.servlet.mvc.support.DefaultHandlerExceptionResolver- Resolved [org.springframework.web.bind.MissingServletRequestParameterException: Required String parameter 'username' is not present]
2020-01-19-16:57 [http-nio-8990-exec-7] WARN  org.springframework.web.servlet.mvc.support.DefaultHandlerExceptionResolver- Resolved [org.springframework.web.bind.MissingServletRequestParameterException: Required String parameter 'username' is not present]
2020-01-19-16:58 [Thread-35] INFO  org.springframework.scheduling.concurrent.ThreadPoolTaskScheduler- Shutting down ExecutorService 'taskScheduler'
2020-01-19-16:58 [Thread-35] INFO  org.springframework.scheduling.concurrent.ThreadPoolTaskExecutor- Shutting down ExecutorService 'applicationTaskExecutor'
2020-01-19-16:58 [Thread-35] INFO  org.apache.shiro.session.mgt.AbstractValidatingSessionManager- Disabled session validation scheduler.
2020-01-19-16:58 [main] INFO  org.springframework.data.repository.config.RepositoryConfigurationDelegate- Multiple Spring Data modules found, entering strict repository configuration mode!
2020-01-19-16:58 [main] INFO  org.springframework.data.repository.config.RepositoryConfigurationDelegate- Bootstrapping Spring Data repositories in DEFAULT mode.
2020-01-19-16:58 [main] INFO  org.springframework.data.repository.config.RepositoryConfigurationDelegate- Finished Spring Data repository scanning in 171ms. Found 1 repository interfaces.
2020-01-19-16:58 [main] INFO  org.springframework.data.repository.config.RepositoryConfigurationDelegate- Multiple Spring Data modules found, entering strict repository configuration mode!
2020-01-19-16:58 [main] INFO  org.springframework.data.repository.config.RepositoryConfigurationDelegate- Bootstrapping Spring Data repositories in DEFAULT mode.
2020-01-19-16:58 [main] INFO  org.springframework.data.repository.config.RepositoryConfigurationExtensionSupport- Spring Data Redis - Could not safely identify store assignment for repository candidate interface springboottest.middleware.es.service.BookRepository.
2020-01-19-16:58 [main] INFO  org.springframework.data.repository.config.RepositoryConfigurationDelegate- Finished Spring Data repository scanning in 56ms. Found 0 repository interfaces.
2020-01-19-16:58 [main] INFO  org.springframework.context.support.PostProcessorRegistrationDelegate$BeanPostProcessorChecker- Bean 'shiroConfig' of type [springboottest.middleware.shiro.ShiroConfig$$EnhancerBySpringCGLIB$$cb2af7be] is not eligible for getting processed by all BeanPostProcessors (for example: not eligible for auto-proxying)
2020-01-19-16:58 [main] INFO  org.springframework.context.support.PostProcessorRegistrationDelegate$BeanPostProcessorChecker- Bean 'mybatis-org.mybatis.spring.boot.autoconfigure.MybatisProperties' of type [org.mybatis.spring.boot.autoconfigure.MybatisProperties] is not eligible for getting processed by all BeanPostProcessors (for example: not eligible for auto-proxying)
2020-01-19-16:58 [main] INFO  org.springframework.context.support.PostProcessorRegistrationDelegate$BeanPostProcessorChecker- Bean 'org.mybatis.spring.boot.autoconfigure.MybatisAutoConfiguration' of type [org.mybatis.spring.boot.autoconfigure.MybatisAutoConfiguration$$EnhancerBySpringCGLIB$$9a6d05d2] is not eligible for getting processed by all BeanPostProcessors (for example: not eligible for auto-proxying)
2020-01-19-16:58 [main] INFO  org.springframework.context.support.PostProcessorRegistrationDelegate$BeanPostProcessorChecker- Bean 'org.springframework.boot.autoconfigure.jdbc.DataSourceConfiguration$Hikari' of type [org.springframework.boot.autoconfigure.jdbc.DataSourceConfiguration$Hikari] is not eligible for getting processed by all BeanPostProcessors (for example: not eligible for auto-proxying)
2020-01-19-16:58 [main] INFO  org.springframework.context.support.PostProcessorRegistrationDelegate$BeanPostProcessorChecker- Bean 'spring.datasource-org.springframework.boot.autoconfigure.jdbc.DataSourceProperties' of type [org.springframework.boot.autoconfigure.jdbc.DataSourceProperties] is not eligible for getting processed by all BeanPostProcessors (for example: not eligible for auto-proxying)
2020-01-19-16:58 [main] INFO  org.springframework.context.support.PostProcessorRegistrationDelegate$BeanPostProcessorChecker- Bean 'dataSource' of type [com.zaxxer.hikari.HikariDataSource] is not eligible for getting processed by all BeanPostProcessors (for example: not eligible for auto-proxying)
2020-01-19-16:58 [main] INFO  org.springframework.context.support.PostProcessorRegistrationDelegate$BeanPostProcessorChecker- Bean 'sqlSessionFactory' of type [org.apache.ibatis.session.defaults.DefaultSqlSessionFactory] is not eligible for getting processed by all BeanPostProcessors (for example: not eligible for auto-proxying)
2020-01-19-16:58 [main] INFO  org.springframework.context.support.PostProcessorRegistrationDelegate$BeanPostProcessorChecker- Bean 'sqlSessionTemplate' of type [org.mybatis.spring.SqlSessionTemplate] is not eligible for getting processed by all BeanPostProcessors (for example: not eligible for auto-proxying)
2020-01-19-16:58 [main] INFO  org.springframework.context.support.PostProcessorRegistrationDelegate$BeanPostProcessorChecker- Bean 'PUserMapper' of type [org.mybatis.spring.mapper.MapperFactoryBean] is not eligible for getting processed by all BeanPostProcessors (for example: not eligible for auto-proxying)
2020-01-19-16:58 [main] INFO  org.springframework.context.support.PostProcessorRegistrationDelegate$BeanPostProcessorChecker- Bean 'PUserMapper' of type [com.sun.proxy.$Proxy79] is not eligible for getting processed by all BeanPostProcessors (for example: not eligible for auto-proxying)
2020-01-19-16:58 [main] INFO  org.springframework.context.support.PostProcessorRegistrationDelegate$BeanPostProcessorChecker- Bean 'PUserServiceImpl' of type [springboottest.service.impl.PUserServiceImpl] is not eligible for getting processed by all BeanPostProcessors (for example: not eligible for auto-proxying)
2020-01-19-16:58 [main] INFO  org.springframework.context.support.PostProcessorRegistrationDelegate$BeanPostProcessorChecker- Bean 'realm' of type [springboottest.middleware.shiro.CustomRealm] is not eligible for getting processed by all BeanPostProcessors (for example: not eligible for auto-proxying)
2020-01-19-16:58 [main] INFO  org.springframework.context.support.PostProcessorRegistrationDelegate$BeanPostProcessorChecker- Bean 'redisSessionDAO' of type [org.crazycake.shiro.RedisSessionDAO] is not eligible for getting processed by all BeanPostProcessors (for example: not eligible for auto-proxying)
2020-01-19-16:58 [main] INFO  org.springframework.context.support.PostProcessorRegistrationDelegate$BeanPostProcessorChecker- Bean 'sessionManager' of type [org.apache.shiro.web.session.mgt.DefaultWebSessionManager] is not eligible for getting processed by all BeanPostProcessors (for example: not eligible for auto-proxying)
2020-01-19-16:58 [main] INFO  org.springframework.context.support.PostProcessorRegistrationDelegate$BeanPostProcessorChecker- Bean 'securityManager' of type [org.apache.shiro.web.mgt.DefaultWebSecurityManager] is not eligible for getting processed by all BeanPostProcessors (for example: not eligible for auto-proxying)
2020-01-19-16:58 [main] INFO  org.springframework.context.support.PostProcessorRegistrationDelegate$BeanPostProcessorChecker- Bean 'authorizationAttributeSourceAdvisor' of type [org.apache.shiro.spring.security.interceptor.AuthorizationAttributeSourceAdvisor] is not eligible for getting processed by all BeanPostProcessors (for example: not eligible for auto-proxying)
2020-01-19-16:58 [main] INFO  org.springframework.context.support.PostProcessorRegistrationDelegate$BeanPostProcessorChecker- Bean 'org.springframework.transaction.annotation.ProxyTransactionManagementConfiguration' of type [org.springframework.transaction.annotation.ProxyTransactionManagementConfiguration$$EnhancerBySpringCGLIB$$6798b4a2] is not eligible for getting processed by all BeanPostProcessors (for example: not eligible for auto-proxying)
2020-01-19-16:58 [main] INFO  org.springframework.context.support.PostProcessorRegistrationDelegate$BeanPostProcessorChecker- Bean 'redisConfiguration' of type [springboottest.config.RedisConfiguration$$EnhancerBySpringCGLIB$$8314e4b1] is not eligible for getting processed by all BeanPostProcessors (for example: not eligible for auto-proxying)
2020-01-19-16:58 [main] INFO  org.springframework.boot.web.embedded.tomcat.TomcatWebServer- Tomcat initialized with port(s): 8990 (http)
2020-01-19-16:58 [main] INFO  org.apache.catalina.core.StandardService- Starting service [Tomcat]
2020-01-19-16:58 [main] INFO  org.apache.catalina.core.StandardEngine- Starting Servlet engine: [Apache Tomcat/9.0.16]
2020-01-19-16:58 [main] INFO  org.apache.catalina.core.AprLifecycleListener- The APR based Apache Tomcat Native library which allows optimal performance in production environments was not found on the java.library.path: [C:\javasoft\jdk\bin;C:\WINDOWS\Sun\Java\bin;C:\WINDOWS\system32;C:\WINDOWS;C:\javasoft\xftp\;C:\javasoft\python\Scripts\;C:\javasoft\python\;C:\javasoft\maven\apache-maven-3.5.4\bin;C:\javasoft\jdk\bin;C:\javasoft\jdk\jre\bin;C:\javasoft\xshell\;C:\WINDOWS\system32;C:\WINDOWS;C:\WINDOWS\System32\Wbem;C:\WINDOWS\System32\WindowsPowerShell\v1.0\;C:\WINDOWS\System32\OpenSSH\;D:\soft\23-python;C:\Program Files\MySQL\MySQL Server 5.5\bin;D:\worksoft\mysql\bin;C:\Program Files\OpenVPN\bin;C:\Program Files (x86)\HP\IdrsOCR_15.2.10.1114\;C:\javasoft\nodejs\;C:\javasoft\git\Git\cmd;C:\javasoft\python\Scripts;C:\Users\hx\AppData\Local\Microsoft\WindowsApps;E:\mongoDB\bin;C:\Users\hx\AppData\Local\BypassRuntm;C:\Users\hx\AppData\Roaming\npm;%USERPROFILE%\AppData\Local\Microsoft\WindowsApps;;.]
2020-01-19-16:58 [main] INFO  org.apache.catalina.core.ContainerBase.[Tomcat].[localhost].[/]- Initializing Spring embedded WebApplicationContext
2020-01-19-16:58 [main] INFO  org.springframework.web.context.ContextLoader- Root WebApplicationContext: initialization completed in 4279 ms
2020-01-19-16:58 [main] INFO  io.lettuce.core.EpollProvider- Starting without optional epoll library
2020-01-19-16:58 [main] INFO  io.lettuce.core.KqueueProvider- Starting without optional kqueue library
2020-01-19-16:58 [main] INFO  org.elasticsearch.plugins.PluginsService- no modules loaded
2020-01-19-16:58 [main] INFO  org.elasticsearch.plugins.PluginsService- loaded plugin [org.elasticsearch.index.reindex.ReindexPlugin]
2020-01-19-16:58 [main] INFO  org.elasticsearch.plugins.PluginsService- loaded plugin [org.elasticsearch.join.ParentJoinPlugin]
2020-01-19-16:58 [main] INFO  org.elasticsearch.plugins.PluginsService- loaded plugin [org.elasticsearch.percolator.PercolatorPlugin]
2020-01-19-16:58 [main] INFO  org.elasticsearch.plugins.PluginsService- loaded plugin [org.elasticsearch.script.mustache.MustachePlugin]
2020-01-19-16:58 [main] INFO  org.elasticsearch.plugins.PluginsService- loaded plugin [org.elasticsearch.transport.Netty4Plugin]
2020-01-19-16:58 [main] INFO  org.springframework.data.elasticsearch.client.TransportClientFactoryBean- Adding transport node : 127.0.0.1:9300
2020-01-19-16:58 [main] INFO  org.springframework.scheduling.concurrent.ThreadPoolTaskExecutor- Initializing ExecutorService 'applicationTaskExecutor'
2020-01-19-16:58 [main] INFO  org.springframework.scheduling.concurrent.ThreadPoolTaskScheduler- Initializing ExecutorService 'taskScheduler'
2020-01-19-16:58 [main] INFO  org.springframework.boot.web.embedded.tomcat.TomcatWebServer- Tomcat started on port(s): 8990 (http) with context path ''
2020-01-19-16:58 [http-nio-8990-exec-1] INFO  org.apache.tomcat.util.http.parser.Cookie- A cookie header was received [1574675299,1575874585,1576662900; JSESSIONID=34e8bb1a-1a87-417a-bd09-a452c21322be] that contained an invalid cookie. That cookie will be ignored.
 Note: further occurrences of this error will be logged at DEBUG level.
2020-01-19-16:58 [http-nio-8990-exec-1] INFO  org.apache.catalina.core.ContainerBase.[Tomcat].[localhost].[/]- Initializing Spring DispatcherServlet 'dispatcherServlet'
2020-01-19-16:58 [http-nio-8990-exec-1] INFO  org.springframework.web.servlet.DispatcherServlet- Initializing Servlet 'dispatcherServlet'
2020-01-19-16:58 [http-nio-8990-exec-1] INFO  org.springframework.web.servlet.DispatcherServlet- Completed initialization in 19 ms
2020-01-19-16:58 [http-nio-8990-exec-1] INFO  org.apache.shiro.session.mgt.AbstractValidatingSessionManager- Enabling session validation scheduler...
2020-01-19-16:59 [http-nio-8990-exec-4] WARN  org.springframework.web.servlet.mvc.support.DefaultHandlerExceptionResolver- Resolved [org.springframework.web.bind.MissingServletRequestParameterException: Required String parameter 'username' is not present]
2020-01-19-17:04 [Thread-33] INFO  org.springframework.scheduling.concurrent.ThreadPoolTaskScheduler- Shutting down ExecutorService 'taskScheduler'
2020-01-19-17:04 [Thread-33] INFO  org.springframework.scheduling.concurrent.ThreadPoolTaskExecutor- Shutting down ExecutorService 'applicationTaskExecutor'
2020-01-19-17:04 [Thread-33] INFO  org.apache.shiro.session.mgt.AbstractValidatingSessionManager- Disabled session validation scheduler.
2020-01-19-17:04 [main] INFO  org.springframework.data.repository.config.RepositoryConfigurationDelegate- Multiple Spring Data modules found, entering strict repository configuration mode!
2020-01-19-17:04 [main] INFO  org.springframework.data.repository.config.RepositoryConfigurationDelegate- Bootstrapping Spring Data repositories in DEFAULT mode.
2020-01-19-17:04 [main] INFO  org.springframework.data.repository.config.RepositoryConfigurationDelegate- Finished Spring Data repository scanning in 182ms. Found 1 repository interfaces.
2020-01-19-17:04 [main] INFO  org.springframework.data.repository.config.RepositoryConfigurationDelegate- Multiple Spring Data modules found, entering strict repository configuration mode!
2020-01-19-17:04 [main] INFO  org.springframework.data.repository.config.RepositoryConfigurationDelegate- Bootstrapping Spring Data repositories in DEFAULT mode.
2020-01-19-17:04 [main] INFO  org.springframework.data.repository.config.RepositoryConfigurationExtensionSupport- Spring Data Redis - Could not safely identify store assignment for repository candidate interface springboottest.middleware.es.service.BookRepository.
2020-01-19-17:04 [main] INFO  org.springframework.data.repository.config.RepositoryConfigurationDelegate- Finished Spring Data repository scanning in 64ms. Found 0 repository interfaces.
2020-01-19-17:04 [main] INFO  org.springframework.context.support.PostProcessorRegistrationDelegate$BeanPostProcessorChecker- Bean 'shiroConfig' of type [springboottest.middleware.shiro.ShiroConfig$$EnhancerBySpringCGLIB$$d98ad3f0] is not eligible for getting processed by all BeanPostProcessors (for example: not eligible for auto-proxying)
2020-01-19-17:04 [main] INFO  org.springframework.context.support.PostProcessorRegistrationDelegate$BeanPostProcessorChecker- Bean 'mybatis-org.mybatis.spring.boot.autoconfigure.MybatisProperties' of type [org.mybatis.spring.boot.autoconfigure.MybatisProperties] is not eligible for getting processed by all BeanPostProcessors (for example: not eligible for auto-proxying)
2020-01-19-17:04 [main] INFO  org.springframework.context.support.PostProcessorRegistrationDelegate$BeanPostProcessorChecker- Bean 'org.mybatis.spring.boot.autoconfigure.MybatisAutoConfiguration' of type [org.mybatis.spring.boot.autoconfigure.MybatisAutoConfiguration$$EnhancerBySpringCGLIB$$a8cce204] is not eligible for getting processed by all BeanPostProcessors (for example: not eligible for auto-proxying)
2020-01-19-17:04 [main] INFO  org.springframework.context.support.PostProcessorRegistrationDelegate$BeanPostProcessorChecker- Bean 'org.springframework.boot.autoconfigure.jdbc.DataSourceConfiguration$Hikari' of type [org.springframework.boot.autoconfigure.jdbc.DataSourceConfiguration$Hikari] is not eligible for getting processed by all BeanPostProcessors (for example: not eligible for auto-proxying)
2020-01-19-17:04 [main] INFO  org.springframework.context.support.PostProcessorRegistrationDelegate$BeanPostProcessorChecker- Bean 'spring.datasource-org.springframework.boot.autoconfigure.jdbc.DataSourceProperties' of type [org.springframework.boot.autoconfigure.jdbc.DataSourceProperties] is not eligible for getting processed by all BeanPostProcessors (for example: not eligible for auto-proxying)
2020-01-19-17:04 [main] INFO  org.springframework.context.support.PostProcessorRegistrationDelegate$BeanPostProcessorChecker- Bean 'dataSource' of type [com.zaxxer.hikari.HikariDataSource] is not eligible for getting processed by all BeanPostProcessors (for example: not eligible for auto-proxying)
2020-01-19-17:04 [main] INFO  org.springframework.context.support.PostProcessorRegistrationDelegate$BeanPostProcessorChecker- Bean 'sqlSessionFactory' of type [org.apache.ibatis.session.defaults.DefaultSqlSessionFactory] is not eligible for getting processed by all BeanPostProcessors (for example: not eligible for auto-proxying)
2020-01-19-17:04 [main] INFO  org.springframework.context.support.PostProcessorRegistrationDelegate$BeanPostProcessorChecker- Bean 'sqlSessionTemplate' of type [org.mybatis.spring.SqlSessionTemplate] is not eligible for getting processed by all BeanPostProcessors (for example: not eligible for auto-proxying)
2020-01-19-17:04 [main] INFO  org.springframework.context.support.PostProcessorRegistrationDelegate$BeanPostProcessorChecker- Bean 'PUserMapper' of type [org.mybatis.spring.mapper.MapperFactoryBean] is not eligible for getting processed by all BeanPostProcessors (for example: not eligible for auto-proxying)
2020-01-19-17:04 [main] INFO  org.springframework.context.support.PostProcessorRegistrationDelegate$BeanPostProcessorChecker- Bean 'PUserMapper' of type [com.sun.proxy.$Proxy79] is not eligible for getting processed by all BeanPostProcessors (for example: not eligible for auto-proxying)
2020-01-19-17:04 [main] INFO  org.springframework.context.support.PostProcessorRegistrationDelegate$BeanPostProcessorChecker- Bean 'PUserServiceImpl' of type [springboottest.service.impl.PUserServiceImpl] is not eligible for getting processed by all BeanPostProcessors (for example: not eligible for auto-proxying)
2020-01-19-17:04 [main] INFO  org.springframework.context.support.PostProcessorRegistrationDelegate$BeanPostProcessorChecker- Bean 'realm' of type [springboottest.middleware.shiro.CustomRealm] is not eligible for getting processed by all BeanPostProcessors (for example: not eligible for auto-proxying)
2020-01-19-17:04 [main] INFO  org.springframework.context.support.PostProcessorRegistrationDelegate$BeanPostProcessorChecker- Bean 'redisSessionDAO' of type [org.crazycake.shiro.RedisSessionDAO] is not eligible for getting processed by all BeanPostProcessors (for example: not eligible for auto-proxying)
2020-01-19-17:04 [main] INFO  org.springframework.context.support.PostProcessorRegistrationDelegate$BeanPostProcessorChecker- Bean 'sessionManager' of type [org.apache.shiro.web.session.mgt.DefaultWebSessionManager] is not eligible for getting processed by all BeanPostProcessors (for example: not eligible for auto-proxying)
2020-01-19-17:04 [main] INFO  org.springframework.context.support.PostProcessorRegistrationDelegate$BeanPostProcessorChecker- Bean 'securityManager' of type [org.apache.shiro.web.mgt.DefaultWebSecurityManager] is not eligible for getting processed by all BeanPostProcessors (for example: not eligible for auto-proxying)
2020-01-19-17:04 [main] INFO  org.springframework.context.support.PostProcessorRegistrationDelegate$BeanPostProcessorChecker- Bean 'authorizationAttributeSourceAdvisor' of type [org.apache.shiro.spring.security.interceptor.AuthorizationAttributeSourceAdvisor] is not eligible for getting processed by all BeanPostProcessors (for example: not eligible for auto-proxying)
2020-01-19-17:04 [main] INFO  org.springframework.context.support.PostProcessorRegistrationDelegate$BeanPostProcessorChecker- Bean 'org.springframework.transaction.annotation.ProxyTransactionManagementConfiguration' of type [org.springframework.transaction.annotation.ProxyTransactionManagementConfiguration$$EnhancerBySpringCGLIB$$75f890d4] is not eligible for getting processed by all BeanPostProcessors (for example: not eligible for auto-proxying)
2020-01-19-17:04 [main] INFO  org.springframework.context.support.PostProcessorRegistrationDelegate$BeanPostProcessorChecker- Bean 'redisConfiguration' of type [springboottest.config.RedisConfiguration$$EnhancerBySpringCGLIB$$9174c0e3] is not eligible for getting processed by all BeanPostProcessors (for example: not eligible for auto-proxying)
2020-01-19-17:04 [main] INFO  org.springframework.boot.web.embedded.tomcat.TomcatWebServer- Tomcat initialized with port(s): 8990 (http)
2020-01-19-17:04 [main] INFO  org.apache.catalina.core.StandardService- Starting service [Tomcat]
2020-01-19-17:04 [main] INFO  org.apache.catalina.core.StandardEngine- Starting Servlet engine: [Apache Tomcat/9.0.16]
2020-01-19-17:04 [main] INFO  org.apache.catalina.core.AprLifecycleListener- The APR based Apache Tomcat Native library which allows optimal performance in production environments was not found on the java.library.path: [C:\javasoft\jdk\bin;C:\WINDOWS\Sun\Java\bin;C:\WINDOWS\system32;C:\WINDOWS;C:\javasoft\xftp\;C:\javasoft\python\Scripts\;C:\javasoft\python\;C:\javasoft\maven\apache-maven-3.5.4\bin;C:\javasoft\jdk\bin;C:\javasoft\jdk\jre\bin;C:\javasoft\xshell\;C:\WINDOWS\system32;C:\WINDOWS;C:\WINDOWS\System32\Wbem;C:\WINDOWS\System32\WindowsPowerShell\v1.0\;C:\WINDOWS\System32\OpenSSH\;D:\soft\23-python;C:\Program Files\MySQL\MySQL Server 5.5\bin;D:\worksoft\mysql\bin;C:\Program Files\OpenVPN\bin;C:\Program Files (x86)\HP\IdrsOCR_15.2.10.1114\;C:\javasoft\nodejs\;C:\javasoft\git\Git\cmd;C:\javasoft\python\Scripts;C:\Users\hx\AppData\Local\Microsoft\WindowsApps;E:\mongoDB\bin;C:\Users\hx\AppData\Local\BypassRuntm;C:\Users\hx\AppData\Roaming\npm;%USERPROFILE%\AppData\Local\Microsoft\WindowsApps;;.]
2020-01-19-17:04 [main] INFO  org.apache.catalina.core.ContainerBase.[Tomcat].[localhost].[/]- Initializing Spring embedded WebApplicationContext
2020-01-19-17:04 [main] INFO  org.springframework.web.context.ContextLoader- Root WebApplicationContext: initialization completed in 4353 ms
2020-01-19-17:04 [main] INFO  io.lettuce.core.EpollProvider- Starting without optional epoll library
2020-01-19-17:04 [main] INFO  io.lettuce.core.KqueueProvider- Starting without optional kqueue library
2020-01-19-17:04 [main] INFO  org.elasticsearch.plugins.PluginsService- no modules loaded
2020-01-19-17:04 [main] INFO  org.elasticsearch.plugins.PluginsService- loaded plugin [org.elasticsearch.index.reindex.ReindexPlugin]
2020-01-19-17:04 [main] INFO  org.elasticsearch.plugins.PluginsService- loaded plugin [org.elasticsearch.join.ParentJoinPlugin]
2020-01-19-17:04 [main] INFO  org.elasticsearch.plugins.PluginsService- loaded plugin [org.elasticsearch.percolator.PercolatorPlugin]
2020-01-19-17:04 [main] INFO  org.elasticsearch.plugins.PluginsService- loaded plugin [org.elasticsearch.script.mustache.MustachePlugin]
2020-01-19-17:04 [main] INFO  org.elasticsearch.plugins.PluginsService- loaded plugin [org.elasticsearch.transport.Netty4Plugin]
2020-01-19-17:04 [main] INFO  org.springframework.data.elasticsearch.client.TransportClientFactoryBean- Adding transport node : 127.0.0.1:9300
2020-01-19-17:04 [main] INFO  org.springframework.scheduling.concurrent.ThreadPoolTaskExecutor- Initializing ExecutorService 'applicationTaskExecutor'
2020-01-19-17:04 [main] INFO  org.springframework.scheduling.concurrent.ThreadPoolTaskScheduler- Initializing ExecutorService 'taskScheduler'
2020-01-19-17:04 [main] INFO  org.springframework.boot.web.embedded.tomcat.TomcatWebServer- Tomcat started on port(s): 8990 (http) with context path ''
2020-01-19-17:07 [http-nio-8990-exec-1] INFO  org.apache.tomcat.util.http.parser.Cookie- A cookie header was received [1574675299,1575874585,1576662900; JSESSIONID=34e8bb1a-1a87-417a-bd09-a452c21322be] that contained an invalid cookie. That cookie will be ignored.
 Note: further occurrences of this error will be logged at DEBUG level.
2020-01-19-17:07 [http-nio-8990-exec-1] INFO  org.apache.catalina.core.ContainerBase.[Tomcat].[localhost].[/]- Initializing Spring DispatcherServlet 'dispatcherServlet'
2020-01-19-17:07 [http-nio-8990-exec-1] INFO  org.springframework.web.servlet.DispatcherServlet- Initializing Servlet 'dispatcherServlet'
2020-01-19-17:07 [http-nio-8990-exec-1] INFO  org.springframework.web.servlet.DispatcherServlet- Completed initialization in 18 ms
2020-01-19-17:07 [http-nio-8990-exec-1] INFO  org.apache.shiro.session.mgt.AbstractValidatingSessionManager- Enabling session validation scheduler...
2020-01-19-17:07 [http-nio-8990-exec-3] WARN  org.springframework.web.servlet.mvc.support.DefaultHandlerExceptionResolver- Resolved [org.springframework.web.bind.MissingServletRequestParameterException: Required String parameter 'username' is not present]
2020-01-19-17:07 [http-nio-8990-exec-6] WARN  org.springframework.web.servlet.mvc.support.DefaultHandlerExceptionResolver- Resolved [org.springframework.web.bind.MissingServletRequestParameterException: Required String parameter 'username' is not present]
2020-01-19-17:07 [http-nio-8990-exec-9] WARN  org.springframework.web.servlet.mvc.support.DefaultHandlerExceptionResolver- Resolved [org.springframework.web.bind.MissingServletRequestParameterException: Required String parameter 'username' is not present]
